<?xml version="1.0" encoding="UTF-8"?>
<testsuite name="br.com.encurtadorurl.service.EncurtadorUrlServiceImplTest" time="0.329" tests="14" errors="0" skipped="0" failures="0">
  <properties>
    <property name="java.runtime.name" value="Java(TM) SE Runtime Environment"/>
    <property name="sun.boot.library.path" value="C:\Program Files\Java\jre1.8.0_131\bin"/>
    <property name="java.vm.version" value="25.131-b11"/>
    <property name="java.vm.vendor" value="Oracle Corporation"/>
    <property name="maven.multiModuleProjectDirectory" value="C:\Users\atsoc\encurtadorUrl\hire.me"/>
    <property name="java.vendor.url" value="http://java.oracle.com/"/>
    <property name="path.separator" value=";"/>
    <property name="guice.disable.misplaced.annotation.check" value="true"/>
    <property name="java.vm.name" value="Java HotSpot(TM) 64-Bit Server VM"/>
    <property name="file.encoding.pkg" value="sun.io"/>
    <property name="user.script" value=""/>
    <property name="user.country" value="BR"/>
    <property name="sun.java.launcher" value="SUN_STANDARD"/>
    <property name="sun.os.patch.level" value=""/>
    <property name="java.vm.specification.name" value="Java Virtual Machine Specification"/>
    <property name="user.dir" value="C:\Users\atsoc\encurtadorUrl\hire.me"/>
    <property name="java.runtime.version" value="1.8.0_131-b11"/>
    <property name="java.awt.graphicsenv" value="sun.awt.Win32GraphicsEnvironment"/>
    <property name="java.endorsed.dirs" value="C:\Program Files\Java\jre1.8.0_131\lib\endorsed"/>
    <property name="os.arch" value="amd64"/>
    <property name="java.io.tmpdir" value="C:\Users\atsoc\AppData\Local\Temp\"/>
    <property name="line.separator" value="&#10;"/>
    <property name="java.vm.specification.vendor" value="Oracle Corporation"/>
    <property name="user.variant" value=""/>
    <property name="os.name" value="Windows 8.1"/>
    <property name="classworlds.conf" value="C:\Users\atsoc\workspace\.metadata\.plugins\org.eclipse.m2e.launching\launches\m2conf7555666760421787557.tmp"/>
    <property name="sun.jnu.encoding" value="Cp1252"/>
    <property name="java.library.path" value="C:\Program Files\Java\jre1.8.0_131\bin;C:\WINDOWS\Sun\Java\bin;C:\WINDOWS\system32;C:\WINDOWS;C:/Program Files/Java/jre1.8.0_131/bin/server;C:/Program Files/Java/jre1.8.0_131/bin;C:/Program Files/Java/jre1.8.0_131/lib/amd64;C:\ProgramData\Oracle\Java\javapath;C:\WINDOWS\system32;C:\WINDOWS;C:\WINDOWS\System32\Wbem;C:\WINDOWS\System32\WindowsPowerShell\v1.0\;C:\Program Files\Java\jdk1.8.0_131\bin;c:\Program Files\Microsoft SQL Server\110\Tools\Binn\;c:\Program Files (x86)\Microsoft SQL Server\110\Tools\Binn\;c:\Program Files\Microsoft SQL Server\110\DTS\Binn\;c:\Program Files (x86)\Microsoft SQL Server\110\Tools\Binn\ManagementStudio\;c:\Program Files (x86)\Microsoft Visual Studio 10.0\Common7\IDE\PrivateAssemblies\;c:\Program Files (x86)\Microsoft SQL Server\110\DTS\Binn\;C:\apache-ant\bin;C:\Program Files\nodejs\;C:\Program Files\TortoiseGit\bin;C:\Program Files\Git\cmd;C:\Program Files\OpenVPN\bin;%MAVEN_HOME%\bin;C:\Users\atsoc\AppData\Roaming\npm;C:\Users\atsoc\eclipse\jee-neon\eclipse;;."/>
    <property name="java.specification.name" value="Java Platform API Specification"/>
    <property name="java.class.version" value="52.0"/>
    <property name="sun.management.compiler" value="HotSpot 64-Bit Tiered Compilers"/>
    <property name="os.version" value="6.3"/>
    <property name="user.home" value="C:\Users\atsoc"/>
    <property name="user.timezone" value="America/Sao_Paulo"/>
    <property name="java.awt.printerjob" value="sun.awt.windows.WPrinterJob"/>
    <property name="java.specification.version" value="1.8"/>
    <property name="file.encoding" value="Cp1252"/>
    <property name="user.name" value="atsoc"/>
    <property name="java.class.path" value="/C:/Users/atsoc/eclipse/jee-neon/eclipse/../../../.p2/pool/plugins/org.eclipse.m2e.maven.runtime_1.7.0.20160603-1931/jars/plexus-classworlds-2.5.2.jar"/>
    <property name="java.vm.specification.version" value="1.8"/>
    <property name="sun.arch.data.model" value="64"/>
    <property name="java.home" value="C:\Program Files\Java\jre1.8.0_131"/>
    <property name="sun.java.command" value="org.codehaus.plexus.classworlds.launcher.Launcher -B install"/>
    <property name="java.specification.vendor" value="Oracle Corporation"/>
    <property name="user.language" value="pt"/>
    <property name="awt.toolkit" value="sun.awt.windows.WToolkit"/>
    <property name="java.vm.info" value="mixed mode"/>
    <property name="java.version" value="1.8.0_131"/>
    <property name="java.ext.dirs" value="C:\Program Files\Java\jre1.8.0_131\lib\ext;C:\WINDOWS\Sun\Java\lib\ext"/>
    <property name="sun.boot.class.path" value="C:\Program Files\Java\jre1.8.0_131\lib\resources.jar;C:\Program Files\Java\jre1.8.0_131\lib\rt.jar;C:\Program Files\Java\jre1.8.0_131\lib\sunrsasign.jar;C:\Program Files\Java\jre1.8.0_131\lib\jsse.jar;C:\Program Files\Java\jre1.8.0_131\lib\jce.jar;C:\Program Files\Java\jre1.8.0_131\lib\charsets.jar;C:\Program Files\Java\jre1.8.0_131\lib\jfr.jar;C:\Program Files\Java\jre1.8.0_131\classes"/>
    <property name="java.vendor" value="Oracle Corporation"/>
    <property name="maven.home" value="C:\Users\atsoc\encurtadorUrl\hire.me\EMBEDDED"/>
    <property name="file.separator" value="\"/>
    <property name="java.vendor.url.bug" value="http://bugreport.sun.com/bugreport/"/>
    <property name="sun.cpu.endian" value="little"/>
    <property name="sun.io.unicode.encoding" value="UnicodeLittle"/>
    <property name="sun.desktop" value="windows"/>
    <property name="sun.cpu.isalist" value="amd64"/>
  </properties>
  <testcase name="retrieveUrlTest" classname="br.com.encurtadorurl.service.EncurtadorUrlServiceImplTest" time="0.02"/>
  <testcase name="shortenUrlWithoutAliasTest" classname="br.com.encurtadorurl.service.EncurtadorUrlServiceImplTest" time="0.028"/>
  <testcase name="validaExceptionUriTest" classname="br.com.encurtadorurl.service.EncurtadorUrlServiceImplTest" time="0.004"/>
  <testcase name="listUrlMostAccessedTest" classname="br.com.encurtadorurl.service.EncurtadorUrlServiceImplTest" time="0.04"/>
  <testcase name="shortenUrlWithAliasTest" classname="br.com.encurtadorurl.service.EncurtadorUrlServiceImplTest" time="0.028"/>
  <testcase name="retrieveUrlAccessTest" classname="br.com.encurtadorurl.service.EncurtadorUrlServiceImplTest" time="0.04"/>
  <testcase name="createAliasTest" classname="br.com.encurtadorurl.service.EncurtadorUrlServiceImplTest" time="0.024"/>
  <testcase name="findUrlOriginal" classname="br.com.encurtadorurl.service.EncurtadorUrlServiceImplTest" time="0.012"/>
  <testcase name="shortenUrlWithoutAliasWhenExistsUrlOriginalTest" classname="br.com.encurtadorurl.service.EncurtadorUrlServiceImplTest" time="0.02"/>
  <testcase name="shortenUrlWhenExistsAliasTest" classname="br.com.encurtadorurl.service.EncurtadorUrlServiceImplTest" time="0.028"/>
  <testcase name="retrieveUrlExistsTest" classname="br.com.encurtadorurl.service.EncurtadorUrlServiceImplTest" time="0.053"/>
  <testcase name="addPrefixAliasTest" classname="br.com.encurtadorurl.service.EncurtadorUrlServiceImplTest" time="0.008"/>
  <testcase name="findAliasTest" classname="br.com.encurtadorurl.service.EncurtadorUrlServiceImplTest" time="0.02"/>
  <testcase name="validaUrlTest" classname="br.com.encurtadorurl.service.EncurtadorUrlServiceImplTest" time="0.004"/>
</testsuite>